mode: atomic
github.com/dewadg/haro/pubsub.go:18.76,20.35 2 6
github.com/dewadg/haro/pubsub.go:33.2,35.12 2 5
github.com/dewadg/haro/pubsub.go:20.35,22.3 1 5
github.com/dewadg/haro/pubsub.go:22.8,24.17 2 1
github.com/dewadg/haro/pubsub.go:28.3,29.54 2 1
github.com/dewadg/haro/pubsub.go:24.17,26.4 1 0
github.com/dewadg/haro/pubsub.go:29.54,31.4 1 1
github.com/dewadg/haro/pubsub.go:38.92,40.16 2 4
github.com/dewadg/haro/pubsub.go:44.2,44.12 1 3
github.com/dewadg/haro/pubsub.go:51.2,51.12 1 3
github.com/dewadg/haro/pubsub.go:40.16,42.3 1 1
github.com/dewadg/haro/pubsub.go:44.12,49.3 1 3
github.com/dewadg/haro/pubsub.go:54.63,58.49 2 11
github.com/dewadg/haro/pubsub.go:63.2,63.30 1 10
github.com/dewadg/haro/pubsub.go:68.2,68.53 1 9
github.com/dewadg/haro/pubsub.go:73.2,73.31 1 8
github.com/dewadg/haro/pubsub.go:78.2,78.44 1 7
github.com/dewadg/haro/pubsub.go:82.2,82.12 1 6
github.com/dewadg/haro/pubsub.go:58.50,58.51 0 0
github.com/dewadg/haro/pubsub.go:58.60,60.3 1 1
github.com/dewadg/haro/pubsub.go:63.30,65.3 1 1
github.com/dewadg/haro/pubsub.go:68.53,70.3 1 1
github.com/dewadg/haro/pubsub.go:73.31,75.3 1 1
github.com/dewadg/haro/pubsub.go:78.44,80.3 1 1
github.com/dewadg/haro/pubsub.go:85.104,86.54 1 11
github.com/dewadg/haro/pubsub.go:90.2,93.16 3 6
github.com/dewadg/haro/pubsub.go:97.2,98.36 2 5
github.com/dewadg/haro/pubsub.go:102.2,108.12 2 5
github.com/dewadg/haro/pubsub.go:86.54,88.3 1 5
github.com/dewadg/haro/pubsub.go:93.16,95.3 1 1
github.com/dewadg/haro/pubsub.go:98.36,100.3 1 3
github.com/dewadg/haro/pubsub.go:111.76,118.2 4 5
github.com/dewadg/haro/pubsub.go:120.48,121.6 1 5
github.com/dewadg/haro/pubsub.go:121.6,122.10 1 7
github.com/dewadg/haro/pubsub.go:123.31,124.50 1 3
github.com/dewadg/haro/pubsub.go:137.4,137.9 1 2
github.com/dewadg/haro/pubsub.go:124.50,127.36 2 4
github.com/dewadg/haro/pubsub.go:133.5,133.55 1 3
github.com/dewadg/haro/pubsub.go:127.36,129.6 1 1
github.com/dewadg/haro/pubsub.go:129.11,131.6 1 3
github.com/dewadg/haro/pubsub.go:133.55,135.6 1 1
github.com/dewadg/haro/pubsub.go:142.98,146.45 3 1
github.com/dewadg/haro/pubsub.go:159.2,159.18 1 0
github.com/dewadg/haro/pubsub.go:146.45,147.76 1 3
github.com/dewadg/haro/pubsub.go:147.76,151.41 3 3
github.com/dewadg/haro/pubsub.go:151.41,153.5 1 3
github.com/dewadg/haro/pubsub.go:154.9,155.9 1 0
github.com/dewadg/haro/pubsub.go:162.85,165.48 2 6
github.com/dewadg/haro/pubsub.go:169.2,177.16 4 6
github.com/dewadg/haro/pubsub.go:180.2,180.12 1 1
github.com/dewadg/haro/pubsub.go:165.48,167.3 1 0
github.com/dewadg/haro/pubsub.go:177.16,179.3 1 5
github.com/dewadg/haro/registry.go:28.49,32.2 2 14
github.com/dewadg/haro/registry.go:35.57,38.35 2 13
github.com/dewadg/haro/registry.go:41.2,41.27 1 3
github.com/dewadg/haro/registry.go:38.35,40.3 1 10
github.com/dewadg/haro/registry.go:45.68,46.25 1 6
github.com/dewadg/haro/registry.go:52.2,60.14 3 6
github.com/dewadg/haro/registry.go:46.25,50.3 2 0
github.com/dewadg/haro/config.go:15.34,16.27 1 1
github.com/dewadg/haro/config.go:16.27,18.3 1 1
github.com/dewadg/haro/config.go:22.49,23.27 1 1
github.com/dewadg/haro/config.go:23.27,25.3 1 1
github.com/dewadg/haro/config.go:29.46,30.27 1 1
github.com/dewadg/haro/config.go:30.27,32.3 1 1
github.com/dewadg/haro/main.go:4.19,8.2 1 0
